==================================================
🚀 ZANNIE CRYPTO WATCHDOG ENGINE ACTIVE           
[*] Volatility Barrier: 2.0% | Scan Interval: 60s
==================================================
[+] Initial market baseline cache mapped successfully.
[🔍 Scanning] BTC: $62,575.00 (-0.01%)
[🔍 Scanning] ETH: $1,629.41 (-0.02%)
[🔍 Scanning] SOL: $65.10 (-0.02%)
[🔍 Scanning] BTC: $62,592.00 (+0.01%)
[🔍 Scanning] ETH: $1,629.89 (+0.00%)
[🔍 Scanning] SOL: $65.07 (-0.06%)
[🔍 Scanning] BTC: $62,593.00 (+0.02%)
[🔍 Scanning] ETH: $1,629.92 (+0.01%)
[🔍 Scanning] SOL: $65.06 (-0.08%)
[🔍 Scanning] BTC: $62,568.00 (-0.02%)
[🔍 Scanning] ETH: $1,629.13 (-0.04%)
[🔍 Scanning] SOL: $65.04 (-0.11%)
[🔍 Scanning] BTC: $62,577.00 (-0.01%)
[🔍 Scanning] ETH: $1,629.33 (-0.03%)
[🔍 Scanning] SOL: $65.03 (-0.12%)
[🔍 Scanning] BTC: $62,582.00 (-0.00%)
[🔍 Scanning] ETH: $1,629.32 (-0.03%)
[🔍 Scanning] SOL: $65.04 (-0.11%)
[🔍 Scanning] BTC: $62,594.00 (+0.02%)
[🔍 Scanning] ETH: $1,629.34 (-0.03%)
[🔍 Scanning] SOL: $65.03 (-0.12%)
[🔍 Scanning] BTC: $62,591.00 (+0.01%)
[🔍 Scanning] ETH: $1,629.36 (-0.03%)
[🔍 Scanning] SOL: $65.03 (-0.12%)
[🔍 Scanning] BTC: $62,587.00 (+0.01%)
[🔍 Scanning] ETH: $1,629.41 (-0.02%)
[🔍 Scanning] SOL: $65.05 (-0.09%)
[🔍 Scanning] BTC: $62,582.00 (-0.00%)
[🔍 Scanning] ETH: $1,629.81 (+0.00%)
[🔍 Scanning] SOL: $65.05 (-0.09%)
[🔍 Scanning] BTC: $62,564.00 (-0.03%)
[🔍 Scanning] ETH: $1,629.31 (-0.03%)
[🔍 Scanning] SOL: $65.04 (-0.11%)
[🔍 Scanning] BTC: $62,593.00 (+0.02%)
[🔍 Scanning] ETH: $1,629.27 (-0.03%)
[🔍 Scanning] SOL: $65.02 (-0.14%)
[🔍 Scanning] BTC: $62,602.00 (+0.03%)
[🔍 Scanning] ETH: $1,629.21 (-0.04%)
[🔍 Scanning] SOL: $65.02 (-0.14%)
[🔍 Scanning] BTC: $62,598.00 (+0.02%)
[🔍 Scanning] ETH: $1,628.37 (-0.09%)
[🔍 Scanning] SOL: $64.98 (-0.20%)
